# JRE version: OpenJDK Runtime Environment Temurin-21.0.11+10 (21.0.11+10) (build 21.0.11+10-LTS)
# Java VM: OpenJDK 64-Bit Server VM Temurin-21.0.11+10 (21.0.11+10-LTS, mixed mode, sharing, tiered, compressed oops, compressed class ptrs, parallel gc, windows-amd64)
GC Precious Log:
 CardTable entry size: 512
 CPUs: 32 total, 32 available
 Memory: 16072M
 Large Page Support: Disabled
 NUMA Support: Disabled
 Compressed Oops: Enabled (32-bit)
 Alignments: Space 512K, Generation 512K, Heap 2M
 Heap Min Capacity: 100M
 Heap Initial Capacity: 100M
 Heap Max Capacity: 2G
 Pre-touch: Disabled
 Parallel Workers: 23
Heap:
 PSYoungGen      total 6656K, used 6421K [0x00000000d5580000, 0x00000000d5d00000, 0x0000000100000000)
  eden space 6144K, 99% used [0x00000000d5580000,0x00000000d5b72400,0x00000000d5b80000)
  from space 512K, 64% used [0x00000000d5c00000,0x00000000d5c531e8,0x00000000d5c80000)
  to   space 512K, 0% used [0x00000000d5c80000,0x00000000d5c80000,0x00000000d5d00000)
 ParOldGen       total 278528K, used 278125K [0x0000000080000000, 0x0000000091000000, 0x00000000d5580000)
  object space 278528K, 99% used [0x0000000080000000,0x0000000090f9b590,0x0000000091000000)
 Metaspace       used 68202K, committed 69760K, reserved 1114112K
  class space    used 7031K, committed 7744K, reserved 1048576K
GC Heap History (20 events):
Event: 5850.982 GC heap before
{Heap before GC invocations=1945 (full 3):
 PSYoungGen      total 7168K, used 6508K [0x00000000d5580000, 0x00000000d5d00000, 0x0000000100000000)
  eden space 6144K, 100% used [0x00000000d5580000,0x00000000d5b80000,0x00000000d5b80000)
  from space 1024K, 35% used [0x00000000d5b80000,0x00000000d5bdb0d0,0x00000000d5c80000)
  to   space 512K, 0% used [0x00000000d5c80000,0x00000000d5c80000,0x00000000d5d00000)
 ParOldGen       total 277504K, used 277435K [0x0000000080000000, 0x0000000090f00000, 0x00000000d5580000)
  object space 277504K, 99% used [0x0000000080000000,0x0000000090eeefa8,0x0000000090f00000)
 Metaspace       used 68202K, committed 69760K, reserved 1114112K
  class space    used 7031K, committed 7744K, reserved 1048576K
}
Event: 5850.986 GC heap after
{Heap after GC invocations=1945 (full 3):
 PSYoungGen      total 6656K, used 300K [0x00000000d5580000, 0x00000000d5d00000, 0x0000000100000000)
  eden space 6144K, 0% used [0x00000000d5580000,0x00000000d5580000,0x00000000d5b80000)
  from space 512K, 58% used [0x00000000d5c80000,0x00000000d5ccb0f0,0x00000000d5d00000)
  to   space 512K, 0% used [0x00000000d5c00000,0x00000000d5c00000,0x00000000d5c80000)
 ParOldGen       total 278016K, used 277507K [0x0000000080000000, 0x0000000090f80000, 0x00000000d5580000)
  object space 278016K, 99% used [0x0000000080000000,0x0000000090f00fa8,0x0000000090f80000)
 Metaspace       used 68202K, committed 69760K, reserved 1114112K
  class space    used 7031K, committed 7744K, reserved 1048576K
}
Event: 5851.016 GC heap before
{Heap before GC invocations=1946 (full 3):
 PSYoungGen      total 6656K, used 6444K [0x00000000d5580000, 0x00000000d5d00000, 0x0000000100000000)
  eden space 6144K, 100% used [0x00000000d5580000,0x00000000d5b80000,0x00000000d5b80000)
  from space 512K, 58% used [0x00000000d5c80000,0x00000000d5ccb0f0,0x00000000d5d00000)
  to   space 512K, 0% used [0x00000000d5c00000,0x00000000d5c00000,0x00000000d5c80000)
 ParOldGen       total 278016K, used 277507K [0x0000000080000000, 0x0000000090f80000, 0x00000000d5580000)
  object space 278016K, 99% used [0x0000000080000000,0x0000000090f00fa8,0x0000000090f80000)
 Metaspace       used 68202K, committed 69760K, reserved 1114112K
  class space    used 7031K, committed 7744K, reserved 1048576K
}
Event: 5851.017 GC heap after
{Heap after GC invocations=1946 (full 3):
 PSYoungGen      total 6656K, used 460K [0x00000000d5580000, 0x00000000d5d00000, 0x0000000100000000)
  eden space 6144K, 0% used [0x00000000d5580000,0x00000000d5580000,0x00000000d5b80000)
  from space 512K, 89% used [0x00000000d5c00000,0x00000000d5c73110,0x00000000d5c80000)
  to   space 512K, 0% used [0x00000000d5c80000,0x00000000d5c80000,0x00000000d5d00000)
 ParOldGen       total 278016K, used 277587K [0x0000000080000000, 0x0000000090f80000, 0x00000000d5580000)
  object space 278016K, 99% used [0x0000000080000000,0x0000000090f14fa8,0x0000000090f80000)
 Metaspace       used 68202K, committed 69760K, reserved 1114112K
  class space    used 7031K, committed 7744K, reserved 1048576K
}
Event: 5851.048 GC heap before
{Heap before GC invocations=1947 (full 3):
 PSYoungGen      total 6656K, used 6533K [0x00000000d5580000, 0x00000000d5d00000, 0x0000000100000000)
  eden space 6144K, 98% used [0x00000000d5580000,0x00000000d5b6e5e0,0x00000000d5b80000)
  from space 512K, 89% used [0x00000000d5c00000,0x00000000d5c73110,0x00000000d5c80000)
  to   space 512K, 0% used [0x00000000d5c80000,0x00000000d5c80000,0x00000000d5d00000)
 ParOldGen       total 278016K, used 277587K [0x0000000080000000, 0x0000000090f80000, 0x00000000d5580000)
  object space 278016K, 99% used [0x0000000080000000,0x0000000090f14fa8,0x0000000090f80000)
 Metaspace       used 68202K, committed 69760K, reserved 1114112K
  class space    used 7031K, committed 7744K, reserved 1048576K
}
Event: 5851.048 GC heap after
{Heap after GC invocations=1947 (full 3):
 PSYoungGen      total 6656K, used 504K [0x00000000d5580000, 0x00000000d5d80000, 0x0000000100000000)
  eden space 6144K, 0% used [0x00000000d5580000,0x00000000d5580000,0x00000000d5b80000)
  from space 512K, 98% used [0x00000000d5c80000,0x00000000d5cfe260,0x00000000d5d00000)
  to   space 1024K, 0% used [0x00000000d5b80000,0x00000000d5b80000,0x00000000d5c80000)
 ParOldGen       total 278016K, used 277651K [0x0000000080000000, 0x0000000090f80000, 0x00000000d5580000)
  object space 278016K, 99% used [0x0000000080000000,0x0000000090f24fa8,0x0000000090f80000)
 Metaspace       used 68202K, committed 69760K, reserved 1114112K
  class space    used 7031K, committed 7744K, reserved 1048576K
}
Event: 5851.082 GC heap before
{Heap before GC invocations=1948 (full 3):
 PSYoungGen      total 6656K, used 6592K [0x00000000d5580000, 0x00000000d5d80000, 0x0000000100000000)
  eden space 6144K, 99% used [0x00000000d5580000,0x00000000d5b720b0,0x00000000d5b80000)
  from space 512K, 98% used [0x00000000d5c80000,0x00000000d5cfe260,0x00000000d5d00000)
  to   space 1024K, 0% used [0x00000000d5b80000,0x00000000d5b80000,0x00000000d5c80000)
 ParOldGen       total 278016K, used 277651K [0x0000000080000000, 0x0000000090f80000, 0x00000000d5580000)
  object space 278016K, 99% used [0x0000000080000000,0x0000000090f24fa8,0x0000000090f80000)
 Metaspace       used 68202K, committed 69760K, reserved 1114112K
  class space    used 7031K, committed 7744K, reserved 1048576K
}
Event: 5851.083 GC heap after
{Heap after GC invocations=1948 (full 3):
 PSYoungGen      total 7168K, used 517K [0x00000000d5580000, 0x00000000d5d80000, 0x0000000100000000)
  eden space 6144K, 0% used [0x00000000d5580000,0x00000000d5580000,0x00000000d5b80000)
  from space 1024K, 50% used [0x00000000d5b80000,0x00000000d5c016c8,0x00000000d5c80000)
  to   space 1024K, 0% used [0x00000000d5c80000,0x00000000d5c80000,0x00000000d5d80000)
 ParOldGen       total 278016K, used 277723K [0x0000000080000000, 0x0000000090f80000, 0x00000000d5580000)
  object space 278016K, 99% used [0x0000000080000000,0x0000000090f36fa8,0x0000000090f80000)
 Metaspace       used 68202K, committed 69760K, reserved 1114112K
  class space    used 7031K, committed 7744K, reserved 1048576K
}
Event: 5851.103 GC heap before
{Heap before GC invocations=1949 (full 3):
 PSYoungGen      total 7168K, used 6661K [0x00000000d5580000, 0x00000000d5d80000, 0x0000000100000000)
  eden space 6144K, 100% used [0x00000000d5580000,0x00000000d5b80000,0x00000000d5b80000)
  from space 1024K, 50% used [0x00000000d5b80000,0x00000000d5c016c8,0x00000000d5c80000)
  to   space 1024K, 0% used [0x00000000d5c80000,0x00000000d5c80000,0x00000000d5d80000)
 ParOldGen       total 278016K, used 277723K [0x0000000080000000, 0x0000000090f80000, 0x00000000d5580000)
  object space 278016K, 99% used [0x0000000080000000,0x0000000090f36fa8,0x0000000090f80000)
 Metaspace       used 68202K, committed 69760K, reserved 1114112K
  class space    used 7031K, committed 7744K, reserved 1048576K
}
Event: 5851.104 GC heap after
{Heap after GC invocations=1949 (full 3):
 PSYoungGen      total 7168K, used 517K [0x00000000d5580000, 0x00000000d5d80000, 0x0000000100000000)
  eden space 6144K, 0% used [0x00000000d5580000,0x00000000d5580000,0x00000000d5b80000)
  from space 1024K, 50% used [0x00000000d5c80000,0x00000000d5d01728,0x00000000d5d80000)
  to   space 1024K, 0% used [0x00000000d5b80000,0x00000000d5b80000,0x00000000d5c80000)
 ParOldGen       total 278016K, used 277819K [0x0000000080000000, 0x0000000090f80000, 0x00000000d5580000)
  object space 278016K, 99% used [0x0000000080000000,0x0000000090f4efa8,0x0000000090f80000)
 Metaspace       used 68202K, committed 69760K, reserved 1114112K
  class space    used 7031K, committed 7744K, reserved 1048576K
}
Event: 5851.127 GC heap before
{Heap before GC invocations=1950 (full 3):
 PSYoungGen      total 7168K, used 6617K [0x00000000d5580000, 0x00000000d5d80000, 0x0000000100000000)
  eden space 6144K, 99% used [0x00000000d5580000,0x00000000d5b74d58,0x00000000d5b80000)
  from space 1024K, 50% used [0x00000000d5c80000,0x00000000d5d01728,0x00000000d5d80000)
  to   space 1024K, 0% used [0x00000000d5b80000,0x00000000d5b80000,0x00000000d5c80000)
 ParOldGen       total 278016K, used 277819K [0x0000000080000000, 0x0000000090f80000, 0x00000000d5580000)
  object space 278016K, 99% used [0x0000000080000000,0x0000000090f4efa8,0x0000000090f80000)
 Metaspace       used 68202K, committed 69760K, reserved 1114112K
  class space    used 7031K, committed 7744K, reserved 1048576K
}
Event: 5851.128 GC heap after
{Heap after GC invocations=1950 (full 3):
 PSYoungGen      total 7168K, used 472K [0x00000000d5580000, 0x00000000d5d00000, 0x0000000100000000)
  eden space 6144K, 0% used [0x00000000d5580000,0x00000000d5580000,0x00000000d5b80000)
  from space 1024K, 46% used [0x00000000d5b80000,0x00000000d5bf62c0,0x00000000d5c80000)
  to   space 512K, 0% used [0x00000000d5c80000,0x00000000d5c80000,0x00000000d5d00000)
 ParOldGen       total 278016K, used 277933K [0x0000000080000000, 0x0000000090f80000, 0x00000000d5580000)
  object space 278016K, 99% used [0x0000000080000000,0x0000000090f6b590,0x0000000090f80000)
 Metaspace       used 68202K, committed 69760K, reserved 1114112K
  class space    used 7031K, committed 7744K, reserved 1048576K
}
Event: 5851.151 GC heap before
{Heap before GC invocations=1951 (full 3):
 PSYoungGen      total 7168K, used 6616K [0x00000000d5580000, 0x00000000d5d00000, 0x0000000100000000)
  eden space 6144K, 100% used [0x00000000d5580000,0x00000000d5b80000,0x00000000d5b80000)
  from space 1024K, 46% used [0x00000000d5b80000,0x00000000d5bf62c0,0x00000000d5c80000)
  to   space 512K, 0% used [0x00000000d5c80000,0x00000000d5c80000,0x00000000d5d00000)
 ParOldGen       total 278016K, used 277933K [0x0000000080000000, 0x0000000090f80000, 0x00000000d5580000)
  object space 278016K, 99% used [0x0000000080000000,0x0000000090f6b590,0x0000000090f80000)
 Metaspace       used 68202K, committed 69760K, reserved 1114112K
  class space    used 7031K, committed 7744K, reserved 1048576K
}
Event: 5851.151 GC heap after
{Heap after GC invocations=1951 (full 3):
 PSYoungGen      total 6656K, used 428K [0x00000000d5580000, 0x00000000d5d00000, 0x0000000100000000)
  eden space 6144K, 0% used [0x00000000d5580000,0x00000000d5580000,0x00000000d5b80000)
  from space 512K, 83% used [0x00000000d5c80000,0x00000000d5ceb180,0x00000000d5d00000)
  to   space 512K, 0% used [0x00000000d5c00000,0x00000000d5c00000,0x00000000d5c80000)
 ParOldGen       total 278016K, used 277981K [0x0000000080000000, 0x0000000090f80000, 0x00000000d5580000)
  object space 278016K, 99% used [0x0000000080000000,0x0000000090f77590,0x0000000090f80000)
 Metaspace       used 68202K, committed 69760K, reserved 1114112K
  class space    used 7031K, committed 7744K, reserved 1048576K
}
Event: 5851.175 GC heap before
{Heap before GC invocations=1952 (full 3):
 PSYoungGen      total 6656K, used 6572K [0x00000000d5580000, 0x00000000d5d00000, 0x0000000100000000)
  eden space 6144K, 100% used [0x00000000d5580000,0x00000000d5b80000,0x00000000d5b80000)
  from space 512K, 83% used [0x00000000d5c80000,0x00000000d5ceb180,0x00000000d5d00000)
  to   space 512K, 0% used [0x00000000d5c00000,0x00000000d5c00000,0x00000000d5c80000)
 ParOldGen       total 278016K, used 277981K [0x0000000080000000, 0x0000000090f80000, 0x00000000d5580000)
  object space 278016K, 99% used [0x0000000080000000,0x0000000090f77590,0x0000000090f80000)
 Metaspace       used 68202K, committed 69760K, reserved 1114112K
  class space    used 7031K, committed 7744K, reserved 1048576K
}
Event: 5851.175 GC heap after
{Heap after GC invocations=1952 (full 3):
 PSYoungGen      total 6656K, used 332K [0x00000000d5580000, 0x00000000d5d00000, 0x0000000100000000)
  eden space 6144K, 0% used [0x00000000d5580000,0x00000000d5580000,0x00000000d5b80000)
  from space 512K, 64% used [0x00000000d5c00000,0x00000000d5c531a0,0x00000000d5c80000)
  to   space 512K, 0% used [0x00000000d5c80000,0x00000000d5c80000,0x00000000d5d00000)
 ParOldGen       total 278528K, used 278053K [0x0000000080000000, 0x0000000091000000, 0x00000000d5580000)
  object space 278528K, 99% used [0x0000000080000000,0x0000000090f89590,0x0000000091000000)
 Metaspace       used 68202K, committed 69760K, reserved 1114112K
  class space    used 7031K, committed 7744K, reserved 1048576K
}
Event: 5851.197 GC heap before
{Heap before GC invocations=1953 (full 3):
 PSYoungGen      total 6656K, used 6476K [0x00000000d5580000, 0x00000000d5d00000, 0x0000000100000000)
  eden space 6144K, 100% used [0x00000000d5580000,0x00000000d5b80000,0x00000000d5b80000)
  from space 512K, 64% used [0x00000000d5c00000,0x00000000d5c531a0,0x00000000d5c80000)
  to   space 512K, 0% used [0x00000000d5c80000,0x00000000d5c80000,0x00000000d5d00000)
 ParOldGen       total 278528K, used 278053K [0x0000000080000000, 0x0000000091000000, 0x00000000d5580000)
  object space 278528K, 99% used [0x0000000080000000,0x0000000090f89590,0x0000000091000000)
 Metaspace       used 68202K, committed 69760K, reserved 1114112K
  class space    used 7031K, committed 7744K, reserved 1048576K
}
Event: 5851.198 GC heap after
{Heap after GC invocations=1953 (full 3):
 PSYoungGen      total 6656K, used 300K [0x00000000d5580000, 0x00000000d5d00000, 0x0000000100000000)
  eden space 6144K, 0% used [0x00000000d5580000,0x00000000d5580000,0x00000000d5b80000)
  from space 512K, 58% used [0x00000000d5c80000,0x00000000d5ccb1c0,0x00000000d5d00000)
  to   space 512K, 0% used [0x00000000d5c00000,0x00000000d5c00000,0x00000000d5c80000)
 ParOldGen       total 278528K, used 278085K [0x0000000080000000, 0x0000000091000000, 0x00000000d5580000)
  object space 278528K, 99% used [0x0000000080000000,0x0000000090f91590,0x0000000091000000)
 Metaspace       used 68202K, committed 69760K, reserved 1114112K
  class space    used 7031K, committed 7744K, reserved 1048576K
}
Event: 5851.220 GC heap before
{Heap before GC invocations=1954 (full 3):
 PSYoungGen      total 6656K, used 6444K [0x00000000d5580000, 0x00000000d5d00000, 0x0000000100000000)
  eden space 6144K, 100% used [0x00000000d5580000,0x00000000d5b80000,0x00000000d5b80000)
  from space 512K, 58% used [0x00000000d5c80000,0x00000000d5ccb1c0,0x00000000d5d00000)
  to   space 512K, 0% used [0x00000000d5c00000,0x00000000d5c00000,0x00000000d5c80000)
 ParOldGen       total 278528K, used 278085K [0x0000000080000000, 0x0000000091000000, 0x00000000d5580000)
  object space 278528K, 99% used [0x0000000080000000,0x0000000090f91590,0x0000000091000000)
 Metaspace       used 68202K, committed 69760K, reserved 1114112K
  class space    used 7031K, committed 7744K, reserved 1048576K
}
Event: 5851.221 GC heap after
{Heap after GC invocations=1954 (full 3):
 PSYoungGen      total 6656K, used 332K [0x00000000d5580000, 0x00000000d5d00000, 0x0000000100000000)
  eden space 6144K, 0% used [0x00000000d5580000,0x00000000d5580000,0x00000000d5b80000)
  from space 512K, 64% used [0x00000000d5c00000,0x00000000d5c531e8,0x00000000d5c80000)
  to   space 512K, 0% used [0x00000000d5c80000,0x00000000d5c80000,0x00000000d5d00000)
 ParOldGen       total 278528K, used 278125K [0x0000000080000000, 0x0000000091000000, 0x00000000d5580000)
  object space 278528K, 99% used [0x0000000080000000,0x0000000090f9b590,0x0000000091000000)
 Metaspace       used 68202K, committed 69760K, reserved 1114112K
  class space    used 7031K, committed 7744K, reserved 1048576K
}

